1712762626267:hello Anton!
1712762673550:Method returns greetings
1712762804772:hello
1712763117942:help
1712770641125:hello Anton
1712770755727:help
1712770970316:codes
1712772987955:stacktrace
1712773087756:codes
1712773287946:stacktrace
1712773363040:codes
1712773367235:stackstrace
1712773373420:stacktrace
1712773391772:codes
1712773397168:stacktrace
1712773528782:codes
1712773534382:stacktrace
1712773564009:codes
1712774251537:stacktrace
1712774291761:codes
1712774297134:stacktrace
1712774676116:codes
1712775684373:convert
1712775699480:convert 100 USD USS
1712775717237:convert 100 --from USD --to RUB
1712776916067:convert 1000.23232323 USD RUB
1712777595201:convert 1000.2223344 EUR USD
1712777603529:stacktrace
1712777785005:convert 1000.222323232 USD EUR
1712777796730:stacktrace
1712777877267:convert 123333.2231 USD EUR
1712777921263:convert 123222.21123 EUR USD
1712777944336:convert 1232221344.111234 USD EUR
1712779145274:convert 12234.2213 USD EUR
1712779151913:stacktrace
1712779267937:convert 100 USD EUR
1712779275209:stacktrace
1712779346093:convert 100 USD EUR
1712780993225:convert 100 EUR USD
1712781596525:convert 100 USD EUR
1712781607246:convert 100 EUR USD
1712782397805:convert 100 USD EUR
1712782497165:convert 100 EUR USD
1712783667626:convert 100 USD EUR
1712783674638:convert 100 EUR USD
1712783720078:convert 100 USD EUR
1712783730954:convert 100 EUR USD
1712783798347:convert 100 USD EUR
1712783804010:convert 100 EUR USD
1712784071116:convert 100 USD EUR
1712784083825:convert 100 USD RUB
1712784157362:convert 100 RUB USD
1712784184320:convert 100 USD EUR
1712784229799:convert 100 usd eur
1712784284113:convert 100 eur usd
1712784310127:convert 100 rub eur
1712784379078:convert 1 usd eur
1712784482903:convert 100 eur rub
1712784579421:convert 100 rub eur
1712784876478:convert 100 rub azn
1712784896140:convert 100 rub mdl
1712784918493:convert 1000.232 rub usd
1712785020505:convert 100 rub usd
1712785072584:convert 1 rub usd
1712785219359:codes
1712785232011:convert 10 usd eur
1712785286990:convert 1 rub eur
1712785295738:convert 100 usd eur
1712785319183:convert 10.232131245512 rub usd
1712785342195:codes
1712785563420:convert 1 rub uer
1712785569390:convert 1 rub eur
1712785572379:codes
1712785639545:convert 1002312312312312 rub eur
1712785812699:convert 100 rub eur
1712785819650:convert 100 rur eur
1712785867769:stacktrace
1712785917084:convert 1 rur eur
1712785939320:convert 1 iri rub
1712785949238:stacktrace
1712786008882:convert 100 rub eur rar
1712786019010:convert rub rub rub
1712786027548:convert 100 rub rub
1712786067482:convert sds sds sds
1712786074348:stacktrace
1712786154146:convert 100 rub
1712786312615:convert 100 rub eur
1712786338971:help
1712786359906:codes
1712786388967:convert 50 rub usd
1712787634635:codes
1712787651570:convert 5344.80 usd rub
1712787703820:convert 5333.12 usd rub
1712787722408:convert 100 usd rub
1712787782765:convert 1 rub usd
1712787812346:convert 4 rub usd
1712830997045:codes
1712831008064:convert 800 rub usd
1712833071558:help
1712833110217:hello
1712833115667:hello Anton
1712833133033:codes
1712833194666:convert 100 RUB USD
1712833240069:convert 100 --from RUB --to USD
1712833257860:convert 100 --to USD --from RUB
1712833299117:convert 100 USD RUB
1712833371712:convert 12311412421412412421.5523423 RUB USD
1712833415752:convert 0.000034444456568456 RUB USD
